[   246.527] (--) Log file renamed from "/home/terabiten/.local/share/xorg/Xorg.pid-2010.log" to "/home/terabiten/.local/share/xorg/Xorg.0.log"
[   246.527] 
X.Org X Server 1.20.13
X Protocol Version 11, Revision 0
[   246.527] Build Operating System: linux Ubuntu
[   246.527] Current Operating System: Linux terabiten 5.13.0-27-generic #29~20.04.1-Ubuntu SMP Fri Jan 14 00:32:30 UTC 2022 x86_64
[   246.527] Kernel command line: BOOT_IMAGE=/boot/vmlinuz-5.13.0-27-generic root=UUID=bde29a8c-678e-4764-85ff-cdce0d0d1808 ro quiet splash vt.handoff=7
[   246.527] Build Date: 14 December 2021  02:14:13PM
[   246.527] xorg-server 2:1.20.13-1ubuntu1~20.04.2 (For technical support please see http://www.ubuntu.com/support) 
[   246.527] Current version of pixman: 0.38.4
[   246.527] 	Before reporting problems, check http://wiki.x.org
	to make sure that you have the latest version.
[   246.527] Markers: (--) probed, (**) from config file, (==) default setting,
	(++) from command line, (!!) notice, (II) informational,
	(WW) warning, (EE) error, (NI) not implemented, (??) unknown.
[   246.528] (==) Log file: "/home/terabiten/.local/share/xorg/Xorg.0.log", Time: Thu Jan 27 14:21:33 2022
[   246.532] (==) Using system config directory "/usr/share/X11/xorg.conf.d"
[   246.542] (==) No Layout section.  Using the first Screen section.
[   246.542] (==) No screen section available. Using defaults.
[   246.542] (**) |-->Screen "Default Screen Section" (0)
[   246.542] (**) |   |-->Monitor "<default monitor>"
[   246.543] (==) No monitor specified for screen "Default Screen Section".
	Using a default monitor configuration.
[   246.543] (==) Automatically adding devices
[   246.543] (==) Automatically enabling devices
[   246.543] (==) Automatically adding GPU devices
[   246.543] (==) Automatically binding GPU devices
[   246.543] (==) Max clients allowed: 256, resource mask: 0x1fffff
[   246.543] (WW) The directory "/usr/share/fonts/X11/cyrillic" does not exist.
[   246.543] 	Entry deleted from font path.
[   246.543] (WW) The directory "/usr/share/fonts/X11/100dpi/" does not exist.
[   246.543] 	Entry deleted from font path.
[   246.544] (WW) The directory "/usr/share/fonts/X11/75dpi/" does not exist.
[   246.544] 	Entry deleted from font path.
[   246.544] (WW) The directory "/usr/share/fonts/X11/100dpi" does not exist.
[   246.544] 	Entry deleted from font path.
[   246.544] (WW) The directory "/usr/share/fonts/X11/75dpi" does not exist.
[   246.544] 	Entry deleted from font path.
[   246.544] (==) FontPath set to:
	/usr/share/fonts/X11/misc,
	/usr/share/fonts/X11/Type1,
	built-ins
[   246.544] (==) ModulePath set to "/usr/lib/xorg/modules"
[   246.544] (II) The server relies on udev to provide the list of input devices.
	If no devices become available, reconfigure udev or disable AutoAddDevices.
[   246.544] (II) Loader magic: 0x55fce702b020
[   246.544] (II) Module ABI versions:
[   246.544] 	X.Org ANSI C Emulation: 0.4
[   246.544] 	X.Org Video Driver: 24.1
[   246.544] 	X.Org XInput driver : 24.1
[   246.544] 	X.Org Server Extension : 10.0
[   246.544] (++) using VT number 2

[   246.546] (II) systemd-logind: took control of session /org/freedesktop/login1/session/_32
[   246.548] (II) xfree86: Adding drm device (/dev/dri/card0)
[   246.549] (II) systemd-logind: got fd for /dev/dri/card0 226:0 fd 12 paused 0
[   246.553] (--) PCI:*(0@0:2:0) 8086:0166:1028:053c rev 9, Mem @ 0xf6400000/4194304, 0xe0000000/268435456, I/O @ 0x0000f000/64, BIOS @ 0x????????/131072
[   246.554] (II) LoadModule: "glx"
[   246.556] (II) Loading /usr/lib/xorg/modules/extensions/libglx.so
[   246.569] (II) Module glx: vendor="X.Org Foundation"
[   246.569] 	compiled for 1.20.13, module version = 1.0.0
[   246.569] 	ABI class: X.Org Server Extension, version 10.0
[   246.569] (==) Matched modesetting as autoconfigured driver 0
[   246.569] (==) Matched fbdev as autoconfigured driver 1
[   246.569] (==) Matched vesa as autoconfigured driver 2
[   246.569] (==) Assigned the driver to the xf86ConfigLayout
[   246.569] (II) LoadModule: "modesetting"
[   246.569] (II) Loading /usr/lib/xorg/modules/drivers/modesetting_drv.so
[   246.571] (II) Module modesetting: vendor="X.Org Foundation"
[   246.571] 	compiled for 1.20.13, module version = 1.20.13
[   246.571] 	Module class: X.Org Video Driver
[   246.571] 	ABI class: X.Org Video Driver, version 24.1
[   246.571] (II) LoadModule: "fbdev"
[   246.571] (II) Loading /usr/lib/xorg/modules/drivers/fbdev_drv.so
[   246.575] (II) Module fbdev: vendor="X.Org Foundation"
[   246.575] 	compiled for 1.20.1, module version = 0.5.0
[   246.575] 	Module class: X.Org Video Driver
[   246.575] 	ABI class: X.Org Video Driver, version 24.0
[   246.575] (II) LoadModule: "vesa"
[   246.575] (II) Loading /usr/lib/xorg/modules/drivers/vesa_drv.so
[   246.577] (II) Module vesa: vendor="X.Org Foundation"
[   246.577] 	compiled for 1.20.4, module version = 2.4.0
[   246.577] 	Module class: X.Org Video Driver
[   246.577] 	ABI class: X.Org Video Driver, version 24.0
[   246.577] (II) modesetting: Driver for Modesetting Kernel Drivers: kms
[   246.577] (II) FBDEV: driver for framebuffer: fbdev
[   246.577] (II) VESA: driver for VESA chipsets: vesa
[   246.577] xf86EnableIOPorts: failed to set IOPL for I/O (Operation not permitted)
[   246.578] (II) modeset(0): using drv /dev/dri/card0
[   246.578] (WW) Falling back to old probe method for fbdev
[   246.578] (II) Loading sub module "fbdevhw"
[   246.578] (II) LoadModule: "fbdevhw"
[   246.578] (II) Loading /usr/lib/xorg/modules/libfbdevhw.so
[   246.579] (II) Module fbdevhw: vendor="X.Org Foundation"
[   246.579] 	compiled for 1.20.13, module version = 0.0.2
[   246.579] 	ABI class: X.Org Video Driver, version 24.1
[   246.579] (EE) open /dev/fb0: Permission denied
[   246.579] (WW) VGA arbiter: cannot open kernel arbiter, no multi-card support
[   246.579] (II) modeset(0): Creating default Display subsection in Screen section
	"Default Screen Section" for depth/fbbpp 24/32
[   246.579] (==) modeset(0): Depth 24, (==) framebuffer bpp 32
[   246.579] (==) modeset(0): RGB weight 888
[   246.579] (==) modeset(0): Default visual is TrueColor
[   246.579] (II) Loading sub module "glamoregl"
[   246.579] (II) LoadModule: "glamoregl"
[   246.579] (II) Loading /usr/lib/xorg/modules/libglamoregl.so
[   246.584] (II) Module glamoregl: vendor="X.Org Foundation"
[   246.584] 	compiled for 1.20.13, module version = 1.0.1
[   246.584] 	ABI class: X.Org ANSI C Emulation, version 0.4
[   246.608] (II) modeset(0): glamor X acceleration enabled on Mesa DRI Intel(R) HD Graphics 4000 (IVB GT2)
[   246.609] (II) modeset(0): glamor initialized
[   246.609] (II) modeset(0): Output LVDS-1 has no monitor section
[   246.610] (II) modeset(0): Output VGA-1 has no monitor section
[   246.612] (II) modeset(0): Output HDMI-1 has no monitor section
[   246.612] (II) modeset(0): Output DP-1 has no monitor section
[   246.614] (II) modeset(0): Output HDMI-2 has no monitor section
[   246.616] (II) modeset(0): Output HDMI-3 has no monitor section
[   246.616] (II) modeset(0): Output DP-2 has no monitor section
[   246.616] (II) modeset(0): Output DP-3 has no monitor section
[   246.619] (II) modeset(0): EDID for output LVDS-1
[   246.619] (II) modeset(0): Manufacturer: BOE  Model: 5b0  Serial#: 0
[   246.619] (II) modeset(0): Year: 2011  Week: 1
[   246.619] (II) modeset(0): EDID Version: 1.4
[   246.619] (II) modeset(0): Digital Display Input
[   246.619] (II) modeset(0): Undefined color depth
[   246.619] (II) modeset(0): Digital interface is undefined
[   246.619] (II) modeset(0): Max Image Size [cm]: horiz.: 31  vert.: 17
[   246.619] (II) modeset(0): Gamma: 2.20
[   246.619] (II) modeset(0): No DPMS capabilities specified
[   246.619] (II) modeset(0): Supported color encodings: RGB 4:4:4 YCrCb 4:4:4 
[   246.619] (II) modeset(0): First detailed timing is preferred mode
[   246.619] (II) modeset(0): Preferred mode is native pixel format and refresh rate
[   246.619] (II) modeset(0): redX: 0.592 redY: 0.347   greenX: 0.328 greenY: 0.570
[   246.619] (II) modeset(0): blueX: 0.150 blueY: 0.114   whiteX: 0.312 whiteY: 0.328
[   246.619] (II) modeset(0): Manufacturer's mask: 0
[   246.619] (II) modeset(0): Supported detailed timing:
[   246.619] (II) modeset(0): clock: 75.0 MHz   Image Size:  309 x 173 mm
[   246.619] (II) modeset(0): h_active: 1366  h_sync: 1414  h_sync_end 1446 h_blank_end 1578 h_border: 0
[   246.619] (II) modeset(0): v_active: 768  v_sync: 771  v_sync_end 777 v_blanking: 792 v_border: 0
[   246.619] (II) modeset(0): Supported detailed timing:
[   246.619] (II) modeset(0): clock: 54.1 MHz   Image Size:  309 x 173 mm
[   246.619] (II) modeset(0): h_active: 1366  h_sync: 1414  h_sync_end 1446 h_blank_end 1544 h_border: 0
[   246.619] (II) modeset(0): v_active: 768  v_sync: 771  v_sync_end 777 v_blanking: 876 v_border: 0
[   246.619] (II) modeset(0):  D3MR5€HB14200
[   246.619] (II) modeset(0): Unknown vendor-specific block 0
[   246.619] (II) modeset(0): EDID (in hex):
[   246.619] (II) modeset(0): 	00ffffffffffff0009e5b00500000000
[   246.619] (II) modeset(0): 	01150104801f11780ab0909758549226
[   246.619] (II) modeset(0): 	1d505400000001010101010101010101
[   246.619] (II) modeset(0): 	0101010101014c1d56d4500018303020
[   246.619] (II) modeset(0): 	360035ad1000001a221556b250006c30
[   246.619] (II) modeset(0): 	3020360035ad1000001a000000fe0044
[   246.619] (II) modeset(0): 	334d5235804842313432303000000000
[   246.619] (II) modeset(0): 	00004101940000000001010a20200024
[   246.620] (II) modeset(0): Printing probed modes for output LVDS-1
[   246.620] (II) modeset(0): Modeline "1366x768"x60.0   75.00  1366 1414 1446 1578  768 771 777 792 +hsync -vsync (47.5 kHz eP)
[   246.620] (II) modeset(0): Modeline "1366x768"x40.0   54.10  1366 1414 1446 1544  768 771 777 876 +hsync -vsync (35.0 kHz e)
[   246.620] (II) modeset(0): Modeline "1360x768"x59.8   84.75  1360 1432 1568 1776  768 771 781 798 -hsync +vsync (47.7 kHz d)
[   246.620] (II) modeset(0): Modeline "1360x768"x60.0   72.00  1360 1408 1440 1520  768 771 781 790 +hsync -vsync (47.4 kHz d)
[   246.620] (II) modeset(0): Modeline "1280x720"x120.0  156.12  1280 1376 1512 1744  720 721 724 746 doublescan -hsync +vsync (89.5 kHz d)
[   246.620] (II) modeset(0): Modeline "1280x720"x120.0  120.75  1280 1304 1320 1360  720 721 724 740 doublescan +hsync -vsync (88.8 kHz d)
[   246.620] (II) modeset(0): Modeline "1280x720"x59.9   74.50  1280 1344 1472 1664  720 723 728 748 -hsync +vsync (44.8 kHz d)
[   246.620] (II) modeset(0): Modeline "1280x720"x59.7   63.75  1280 1328 1360 1440  720 723 728 741 +hsync -vsync (44.3 kHz d)
[   246.620] (II) modeset(0): Modeline "1024x768"x120.1  133.47  1024 1100 1212 1400  768 768 770 794 doublescan -hsync +vsync (95.3 kHz d)
[   246.620] (II) modeset(0): Modeline "1024x768"x60.0   65.00  1024 1048 1184 1344  768 771 777 806 -hsync -vsync (48.4 kHz d)
[   246.620] (II) modeset(0): Modeline "960x720"x120.0  117.00  960 1024 1128 1300  720 720 722 750 doublescan -hsync +vsync (90.0 kHz d)
[   246.620] (II) modeset(0): Modeline "928x696"x120.1  109.15  928 976 1088 1264  696 696 698 719 doublescan -hsync +vsync (86.4 kHz d)
[   246.620] (II) modeset(0): Modeline "896x672"x120.0  102.40  896 960 1060 1224  672 672 674 697 doublescan -hsync +vsync (83.7 kHz d)
[   246.620] (II) modeset(0): Modeline "1024x576"x119.9   98.50  1024 1092 1200 1376  576 577 580 597 doublescan -hsync +vsync (71.6 kHz d)
[   246.620] (II) modeset(0): Modeline "1024x576"x119.9   78.38  1024 1048 1064 1104  576 577 580 592 doublescan +hsync -vsync (71.0 kHz d)
[   246.620] (II) modeset(0): Modeline "1024x576"x59.9   46.50  1024 1064 1160 1296  576 579 584 599 -hsync +vsync (35.9 kHz d)
[   246.620] (II) modeset(0): Modeline "1024x576"x59.8   42.00  1024 1072 1104 1184  576 579 584 593 +hsync -vsync (35.5 kHz d)
[   246.620] (II) modeset(0): Modeline "960x600"x119.9   96.62  960 1028 1128 1296  600 601 604 622 doublescan -hsync +vsync (74.6 kHz d)
[   246.620] (II) modeset(0): Modeline "960x600"x120.0   77.00  960 984 1000 1040  600 601 604 617 doublescan +hsync -vsync (74.0 kHz d)
[   246.620] (II) modeset(0): Modeline "960x540"x119.9   86.50  960 1024 1124 1288  540 541 544 560 doublescan -hsync +vsync (67.2 kHz d)
[   246.620] (II) modeset(0): Modeline "960x540"x120.0   69.25  960 984 1000 1040  540 541 544 555 doublescan +hsync -vsync (66.6 kHz d)
[   246.620] (II) modeset(0): Modeline "960x540"x59.6   40.75  960 992 1088 1216  540 543 548 562 -hsync +vsync (33.5 kHz d)
[   246.620] (II) modeset(0): Modeline "960x540"x59.8   37.25  960 1008 1040 1120  540 543 548 556 +hsync -vsync (33.3 kHz d)
[   246.620] (II) modeset(0): Modeline "800x600"x120.0   81.00  800 832 928 1080  600 600 602 625 doublescan +hsync +vsync (75.0 kHz d)
[   246.620] (II) modeset(0): Modeline "800x600"x60.3   40.00  800 840 968 1056  600 601 605 628 +hsync +vsync (37.9 kHz d)
[   246.620] (II) modeset(0): Modeline "800x600"x56.2   36.00  800 824 896 1024  600 601 603 625 +hsync +vsync (35.2 kHz d)
[   246.620] (II) modeset(0): Modeline "840x525"x120.0   73.12  840 892 980 1120  525 526 529 544 doublescan -hsync +vsync (65.3 kHz d)
[   246.620] (II) modeset(0): Modeline "840x525"x119.8   59.50  840 864 880 920  525 526 529 540 doublescan +hsync -vsync (64.7 kHz d)
[   246.620] (II) modeset(0): Modeline "864x486"x59.9   32.50  864 888 968 1072  486 489 494 506 -hsync +vsync (30.3 kHz d)
[   246.620] (II) modeset(0): Modeline "864x486"x59.6   30.50  864 912 944 1024  486 489 494 500 +hsync -vsync (29.8 kHz d)
[   246.620] (II) modeset(0): Modeline "800x512"x120.3   51.56  800 800 828 832  512 512 514 515 doublescan +hsync +vsync (62.0 kHz d)
[   246.620] (II) modeset(0): Modeline "700x525"x120.0   61.00  700 744 820 940  525 526 532 541 doublescan +hsync +vsync (64.9 kHz d)
[   246.620] (II) modeset(0): Modeline "800x450"x119.9   59.12  800 848 928 1056  450 451 454 467 doublescan -hsync +vsync (56.0 kHz d)
[   246.620] (II) modeset(0): Modeline "800x450"x119.6   48.75  800 824 840 880  450 451 454 463 doublescan +hsync -vsync (55.4 kHz d)
[   246.620] (II) modeset(0): Modeline "640x512"x120.0   54.00  640 664 720 844  512 512 514 533 doublescan +hsync +vsync (64.0 kHz d)
[   246.620] (II) modeset(0): Modeline "720x450"x119.8   53.25  720 760 836 952  450 451 454 467 doublescan -hsync +vsync (55.9 kHz d)
[   246.620] (II) modeset(0): Modeline "700x450"x119.9   51.75  700 740 812 924  450 451 456 467 doublescan -hsync +vsync (56.0 kHz d)
[   246.620] (II) modeset(0): Modeline "700x450"x119.8   43.25  700 724 740 780  450 451 456 463 doublescan +hsync -vsync (55.4 kHz d)
[   246.620] (II) modeset(0): Modeline "640x480"x120.0   54.00  640 688 744 900  480 480 482 500 doublescan +hsync +vsync (60.0 kHz d)
[   246.620] (II) modeset(0): Modeline "640x480"x59.9   25.18  640 656 752 800  480 490 492 525 -hsync -vsync (31.5 kHz d)
[   246.620] (II) modeset(0): Modeline "720x405"x59.5   22.50  720 744 808 896  405 408 413 422 -hsync +vsync (25.1 kHz d)
[   246.620] (II) modeset(0): Modeline "720x405"x59.0   21.75  720 768 800 880  405 408 413 419 +hsync -vsync (24.7 kHz d)
[   246.620] (II) modeset(0): Modeline "684x384"x119.8   42.62  684 720 788 892  384 385 390 399 doublescan -hsync +vsync (47.8 kHz d)
[   246.620] (II) modeset(0): Modeline "684x384"x119.7   36.12  684 708 724 764  384 385 390 395 doublescan +hsync -vsync (47.3 kHz d)
[   246.620] (II) modeset(0): Modeline "680x384"x119.6   42.38  680 716 784 888  384 385 390 399 doublescan -hsync +vsync (47.7 kHz d)
[   246.620] (II) modeset(0): Modeline "680x384"x119.9   36.00  680 704 720 760  384 385 390 395 doublescan +hsync -vsync (47.4 kHz d)
[   246.620] (II) modeset(0): Modeline "640x400"x119.8   41.75  640 676 740 840  400 401 404 415 doublescan -hsync +vsync (49.7 kHz d)
[   246.621] (II) modeset(0): Modeline "640x400"x120.0   35.50  640 664 680 720  400 401 404 411 doublescan +hsync -vsync (49.3 kHz d)
[   246.621] (II) modeset(0): Modeline "576x432"x120.1   40.81  576 608 668 760  432 432 434 447 doublescan -hsync +vsync (53.7 kHz d)
[   246.621] (II) modeset(0): Modeline "640x360"x119.7   37.25  640 672 736 832  360 361 364 374 doublescan -hsync +vsync (44.8 kHz d)
[   246.621] (II) modeset(0): Modeline "640x360"x119.7   31.88  640 664 680 720  360 361 364 370 doublescan +hsync -vsync (44.3 kHz d)
[   246.621] (II) modeset(0): Modeline "640x360"x59.8   18.00  640 664 720 800  360 363 368 376 -hsync +vsync (22.5 kHz d)
[   246.621] (II) modeset(0): Modeline "640x360"x59.3   17.75  640 688 720 800  360 363 368 374 +hsync -vsync (22.2 kHz d)
[   246.621] (II) modeset(0): Modeline "512x384"x120.0   32.50  512 524 592 672  384 385 388 403 doublescan -hsync -vsync (48.4 kHz d)
[   246.621] (II) modeset(0): Modeline "512x288"x120.0   23.25  512 532 580 648  288 289 292 299 doublescan -hsync +vsync (35.9 kHz d)
[   246.621] (II) modeset(0): Modeline "512x288"x119.8   21.00  512 536 552 592  288 289 292 296 doublescan +hsync -vsync (35.5 kHz d)
[   246.621] (II) modeset(0): Modeline "480x270"x119.3   20.38  480 496 544 608  270 271 274 281 doublescan -hsync +vsync (33.5 kHz d)
[   246.621] (II) modeset(0): Modeline "480x270"x119.6   18.62  480 504 520 560  270 271 274 278 doublescan +hsync -vsync (33.3 kHz d)
[   246.621] (II) modeset(0): Modeline "400x300"x120.6   20.00  400 420 484 528  300 300 302 314 doublescan +hsync +vsync (37.9 kHz d)
[   246.621] (II) modeset(0): Modeline "400x300"x112.7   18.00  400 412 448 512  300 300 301 312 doublescan +hsync +vsync (35.2 kHz d)
[   246.621] (II) modeset(0): Modeline "432x243"x119.8   16.25  432 444 484 536  243 244 247 253 doublescan -hsync +vsync (30.3 kHz d)
[   246.621] (II) modeset(0): Modeline "432x243"x119.1   15.25  432 456 472 512  243 244 247 250 doublescan +hsync -vsync (29.8 kHz d)
[   246.621] (II) modeset(0): Modeline "320x240"x120.1   12.59  320 328 376 400  240 245 246 262 doublescan -hsync -vsync (31.5 kHz d)
[   246.621] (II) modeset(0): Modeline "360x202"x119.0   11.25  360 372 404 448  202 204 206 211 doublescan -hsync +vsync (25.1 kHz d)
[   246.621] (II) modeset(0): Modeline "360x202"x118.3   10.88  360 384 400 440  202 204 206 209 doublescan +hsync -vsync (24.7 kHz d)
[   246.621] (II) modeset(0): Modeline "320x180"x119.7    9.00  320 332 360 400  180 181 184 188 doublescan -hsync +vsync (22.5 kHz d)
[   246.621] (II) modeset(0): Modeline "320x180"x118.6    8.88  320 344 360 400  180 181 184 187 doublescan +hsync -vsync (22.2 kHz d)
[   246.624] (II) modeset(0): EDID for output VGA-1
[   246.627] (II) modeset(0): EDID for output HDMI-1
[   246.627] (II) modeset(0): EDID for output DP-1
[   246.629] (II) modeset(0): EDID for output HDMI-2
[   246.631] (II) modeset(0): EDID for output HDMI-3
[   246.631] (II) modeset(0): EDID for output DP-2
[   246.631] (II) modeset(0): EDID for output DP-3
[   246.631] (II) modeset(0): Output LVDS-1 connected
[   246.631] (II) modeset(0): Output VGA-1 disconnected
[   246.631] (II) modeset(0): Output HDMI-1 disconnected
[   246.631] (II) modeset(0): Output DP-1 disconnected
[   246.631] (II) modeset(0): Output HDMI-2 disconnected
[   246.631] (II) modeset(0): Output HDMI-3 disconnected
[   246.631] (II) modeset(0): Output DP-2 disconnected
[   246.632] (II) modeset(0): Output DP-3 disconnected
[   246.632] (II) modeset(0): Using exact sizes for initial modes
[   246.632] (II) modeset(0): Output LVDS-1 using initial mode 1366x768 +0+0
[   246.632] (==) modeset(0): Using gamma correction (1.0, 1.0, 1.0)
[   246.632] (==) modeset(0): DPI set to (96, 96)
[   246.632] (II) Loading sub module "fb"
[   246.632] (II) LoadModule: "fb"
[   246.632] (II) Loading /usr/lib/xorg/modules/libfb.so
[   246.634] (II) Module fb: vendor="X.Org Foundation"
[   246.634] 	compiled for 1.20.13, module version = 1.0.0
[   246.634] 	ABI class: X.Org ANSI C Emulation, version 0.4
[   246.634] (II) UnloadModule: "fbdev"
[   246.634] (II) Unloading fbdev
[   246.634] (II) UnloadSubModule: "fbdevhw"
[   246.634] (II) Unloading fbdevhw
[   246.634] (II) UnloadModule: "vesa"
[   246.634] (II) Unloading vesa
[   246.668] (==) modeset(0): Backing store enabled
[   246.668] (==) modeset(0): Silken mouse enabled
[   246.703] (II) modeset(0): Initializing kms color map for depth 24, 8 bpc.
[   246.703] (==) modeset(0): DPMS enabled
[   246.703] (II) modeset(0): [DRI2] Setup complete
[   246.703] (II) modeset(0): [DRI2]   DRI driver: i965
[   246.703] (II) modeset(0): [DRI2]   VDPAU driver: va_gl
[   246.703] (II) Initializing extension Generic Event Extension
[   246.703] (II) Initializing extension SHAPE
[   246.704] (II) Initializing extension MIT-SHM
[   246.704] (II) Initializing extension XInputExtension
[   246.705] (II) Initializing extension XTEST
[   246.705] (II) Initializing extension BIG-REQUESTS
[   246.705] (II) Initializing extension SYNC
[   246.705] (II) Initializing extension XKEYBOARD
[   246.705] (II) Initializing extension XC-MISC
[   246.706] (II) Initializing extension SECURITY
[   246.706] (II) Initializing extension XFIXES
[   246.706] (II) Initializing extension RENDER
[   246.707] (II) Initializing extension RANDR
[   246.707] (II) Initializing extension COMPOSITE
[   246.707] (II) Initializing extension DAMAGE
[   246.707] (II) Initializing extension MIT-SCREEN-SAVER
[   246.708] (II) Initializing extension DOUBLE-BUFFER
[   246.708] (II) Initializing extension RECORD
[   246.708] (II) Initializing extension DPMS
[   246.708] (II) Initializing extension Present
[   246.708] (II) Initializing extension DRI3
[   246.709] (II) Initializing extension X-Resource
[   246.709] (II) Initializing extension XVideo
[   246.709] (II) Initializing extension XVideo-MotionCompensation
[   246.709] (II) Initializing extension SELinux
[   246.709] (II) SELinux: Disabled on system
[   246.709] (II) Initializing extension GLX
[   246.719] (II) AIGLX: Loaded and initialized i965
[   246.719] (II) GLX: Initialized DRI2 GL provider for screen 0
[   246.719] (II) Initializing extension XFree86-VidModeExtension
[   246.719] (II) Initializing extension XFree86-DGA
[   246.719] (II) Initializing extension XFree86-DRI
[   246.719] (II) Initializing extension DRI2
[   246.721] (II) modeset(0): Damage tracking initialized
[   246.721] (II) modeset(0): Setting screen physical size to 361 x 203
[   246.795] (II) config/udev: Adding input device Power Button (/dev/input/event3)
[   246.795] (**) Power Button: Applying InputClass "libinput keyboard catchall"
[   246.795] (II) LoadModule: "libinput"
[   246.795] (II) Loading /usr/lib/xorg/modules/input/libinput_drv.so
[   246.798] (II) Module libinput: vendor="X.Org Foundation"
[   246.798] 	compiled for 1.20.4, module version = 0.29.0
[   246.798] 	Module class: X.Org XInput Driver
[   246.798] 	ABI class: X.Org XInput driver, version 24.1
[   246.798] (II) Using input driver 'libinput' for 'Power Button'
[   246.804] (II) systemd-logind: got fd for /dev/input/event3 13:67 fd 22 paused 0
[   246.804] (**) Power Button: always reports core events
[   246.804] (**) Option "Device" "/dev/input/event3"
[   246.804] (**) Option "_source" "server/udev"
[   246.807] (II) event3  - Power Button: is tagged by udev as: Keyboard
[   246.807] (II) event3  - Power Button: device is a keyboard
[   246.807] (II) event3  - Power Button: device removed
[   246.807] (**) Option "config_info" "udev:/sys/devices/LNXSYSTM:00/LNXPWRBN:00/input/input3/event3"
[   246.807] (II) XINPUT: Adding extended input device "Power Button" (type: KEYBOARD, id 6)
[   246.807] (**) Option "xkb_model" "pc105"
[   246.807] (**) Option "xkb_layout" "us"
[   246.808] (II) event3  - Power Button: is tagged by udev as: Keyboard
[   246.808] (II) event3  - Power Button: device is a keyboard
[   246.809] (II) config/udev: Adding input device Video Bus (/dev/input/event8)
[   246.809] (**) Video Bus: Applying InputClass "libinput keyboard catchall"
[   246.809] (II) Using input driver 'libinput' for 'Video Bus'
[   246.811] (II) systemd-logind: got fd for /dev/input/event8 13:72 fd 25 paused 0
[   246.811] (**) Video Bus: always reports core events
[   246.811] (**) Option "Device" "/dev/input/event8"
[   246.811] (**) Option "_source" "server/udev"
[   246.813] (II) event8  - Video Bus: is tagged by udev as: Keyboard
[   246.813] (II) event8  - Video Bus: device is a keyboard
[   246.814] (II) event8  - Video Bus: device removed
[   246.814] (**) Option "config_info" "udev:/sys/devices/LNXSYSTM:00/LNXSYBUS:00/PNP0A08:00/LNXVIDEO:00/input/input9/event8"
[   246.814] (II) XINPUT: Adding extended input device "Video Bus" (type: KEYBOARD, id 7)
[   246.814] (**) Option "xkb_model" "pc105"
[   246.814] (**) Option "xkb_layout" "us"
[   246.816] (II) event8  - Video Bus: is tagged by udev as: Keyboard
[   246.816] (II) event8  - Video Bus: device is a keyboard
[   246.817] (II) config/udev: Adding input device Power Button (/dev/input/event1)
[   246.817] (**) Power Button: Applying InputClass "libinput keyboard catchall"
[   246.817] (II) Using input driver 'libinput' for 'Power Button'
[   246.819] (II) systemd-logind: got fd for /dev/input/event1 13:65 fd 26 paused 0
[   246.819] (**) Power Button: always reports core events
[   246.819] (**) Option "Device" "/dev/input/event1"
[   246.819] (**) Option "_source" "server/udev"
[   246.820] (II) event1  - Power Button: is tagged by udev as: Keyboard
[   246.820] (II) event1  - Power Button: device is a keyboard
[   246.820] (II) event1  - Power Button: device removed
[   246.820] (**) Option "config_info" "udev:/sys/devices/LNXSYSTM:00/LNXSYBUS:00/PNP0C0C:00/input/input1/event1"
[   246.820] (II) XINPUT: Adding extended input device "Power Button" (type: KEYBOARD, id 8)
[   246.820] (**) Option "xkb_model" "pc105"
[   246.820] (**) Option "xkb_layout" "us"
[   246.822] (II) event1  - Power Button: is tagged by udev as: Keyboard
[   246.822] (II) event1  - Power Button: device is a keyboard
[   246.823] (II) config/udev: Adding input device Lid Switch (/dev/input/event0)
[   246.823] (II) No input driver specified, ignoring this device.
[   246.823] (II) This device may have been added with another device file.
[   246.824] (II) config/udev: Adding input device Sleep Button (/dev/input/event2)
[   246.824] (**) Sleep Button: Applying InputClass "libinput keyboard catchall"
[   246.824] (II) Using input driver 'libinput' for 'Sleep Button'
[   246.825] (II) systemd-logind: got fd for /dev/input/event2 13:66 fd 27 paused 0
[   246.825] (**) Sleep Button: always reports core events
[   246.825] (**) Option "Device" "/dev/input/event2"
[   246.825] (**) Option "_source" "server/udev"
[   246.826] (II) event2  - Sleep Button: is tagged by udev as: Keyboard
[   246.826] (II) event2  - Sleep Button: device is a keyboard
[   246.826] (II) event2  - Sleep Button: device removed
[   246.826] (**) Option "config_info" "udev:/sys/devices/LNXSYSTM:00/LNXSYBUS:00/PNP0C0E:00/input/input2/event2"
[   246.826] (II) XINPUT: Adding extended input device "Sleep Button" (type: KEYBOARD, id 9)
[   246.826] (**) Option "xkb_model" "pc105"
[   246.826] (**) Option "xkb_layout" "us"
[   246.827] (II) event2  - Sleep Button: is tagged by udev as: Keyboard
[   246.827] (II) event2  - Sleep Button: device is a keyboard
[   246.828] (II) config/udev: Adding input device Laptop_Integrated_Webcam_E4HD:  (/dev/input/event7)
[   246.828] (**) Laptop_Integrated_Webcam_E4HD: : Applying InputClass "libinput keyboard catchall"
[   246.828] (II) Using input driver 'libinput' for 'Laptop_Integrated_Webcam_E4HD: '
[   246.829] (II) systemd-logind: got fd for /dev/input/event7 13:71 fd 28 paused 0
[   246.829] (**) Laptop_Integrated_Webcam_E4HD: : always reports core events
[   246.829] (**) Option "Device" "/dev/input/event7"
[   246.829] (**) Option "_source" "server/udev"
[   246.831] (II) event7  - Laptop_Integrated_Webcam_E4HD: : is tagged by udev as: Keyboard
[   246.831] (II) event7  - Laptop_Integrated_Webcam_E4HD: : device is a keyboard
[   246.831] (II) event7  - Laptop_Integrated_Webcam_E4HD: : device removed
[   246.831] (**) Option "config_info" "udev:/sys/devices/pci0000:00/0000:00:1a.0/usb1/1-1/1-1.5/1-1.5:1.0/input/input8/event7"
[   246.831] (II) XINPUT: Adding extended input device "Laptop_Integrated_Webcam_E4HD: " (type: KEYBOARD, id 10)
[   246.831] (**) Option "xkb_model" "pc105"
[   246.831] (**) Option "xkb_layout" "us"
[   246.833] (II) event7  - Laptop_Integrated_Webcam_E4HD: : is tagged by udev as: Keyboard
[   246.833] (II) event7  - Laptop_Integrated_Webcam_E4HD: : device is a keyboard
[   246.834] (II) config/udev: Adding input device HDA Intel PCH Dock Mic (/dev/input/event9)
[   246.834] (II) No input driver specified, ignoring this device.
[   246.834] (II) This device may have been added with another device file.
[   246.834] (II) config/udev: Adding input device HDA Intel PCH Headset Mic (/dev/input/event10)
[   246.834] (II) No input driver specified, ignoring this device.
[   246.834] (II) This device may have been added with another device file.
[   246.835] (II) config/udev: Adding input device HDA Intel PCH Dock Line Out (/dev/input/event11)
[   246.835] (II) No input driver specified, ignoring this device.
[   246.835] (II) This device may have been added with another device file.
[   246.835] (II) config/udev: Adding input device HDA Intel PCH Headphone (/dev/input/event12)
[   246.835] (II) No input driver specified, ignoring this device.
[   246.835] (II) This device may have been added with another device file.
[   246.836] (II) config/udev: Adding input device HDA Intel PCH HDMI/DP,pcm=3 (/dev/input/event13)
[   246.836] (II) No input driver specified, ignoring this device.
[   246.836] (II) This device may have been added with another device file.
[   246.836] (II) config/udev: Adding input device HDA Intel PCH HDMI/DP,pcm=7 (/dev/input/event14)
[   246.836] (II) No input driver specified, ignoring this device.
[   246.836] (II) This device may have been added with another device file.
[   246.837] (II) config/udev: Adding input device HDA Intel PCH HDMI/DP,pcm=8 (/dev/input/event15)
[   246.837] (II) No input driver specified, ignoring this device.
[   246.837] (II) This device may have been added with another device file.
[   246.837] (II) config/udev: Adding input device Dell WMI hotkeys (/dev/input/event6)
[   246.837] (**) Dell WMI hotkeys: Applying InputClass "libinput keyboard catchall"
[   246.837] (II) Using input driver 'libinput' for 'Dell WMI hotkeys'
[   246.838] (II) systemd-logind: got fd for /dev/input/event6 13:70 fd 29 paused 0
[   246.838] (**) Dell WMI hotkeys: always reports core events
[   246.838] (**) Option "Device" "/dev/input/event6"
[   246.838] (**) Option "_source" "server/udev"
[   246.840] (II) event6  - Dell WMI hotkeys: is tagged by udev as: Keyboard
[   246.840] (II) event6  - Dell WMI hotkeys: device is a keyboard
[   246.840] (II) event6  - Dell WMI hotkeys: device removed
[   246.840] (**) Option "config_info" "udev:/sys/devices/platform/PNP0C14:00/wmi_bus/wmi_bus-PNP0C14:00/9DBB5994-A997-11DA-B012-B622A1EF5492/input/input7/event6"
[   246.840] (II) XINPUT: Adding extended input device "Dell WMI hotkeys" (type: KEYBOARD, id 11)
[   246.840] (**) Option "xkb_model" "pc105"
[   246.840] (**) Option "xkb_layout" "us"
[   246.842] (II) event6  - Dell WMI hotkeys: is tagged by udev as: Keyboard
[   246.842] (II) event6  - Dell WMI hotkeys: device is a keyboard
[   246.843] (II) config/udev: Adding input device AT Translated Set 2 keyboard (/dev/input/event4)
[   246.843] (**) AT Translated Set 2 keyboard: Applying InputClass "libinput keyboard catchall"
[   246.843] (II) Using input driver 'libinput' for 'AT Translated Set 2 keyboard'
[   246.844] (II) systemd-logind: got fd for /dev/input/event4 13:68 fd 30 paused 0
[   246.844] (**) AT Translated Set 2 keyboard: always reports core events
[   246.844] (**) Option "Device" "/dev/input/event4"
[   246.844] (**) Option "_source" "server/udev"
[   246.845] (II) event4  - AT Translated Set 2 keyboard: is tagged by udev as: Keyboard
[   246.845] (II) event4  - AT Translated Set 2 keyboard: device is a keyboard
[   246.846] (II) event4  - AT Translated Set 2 keyboard: device removed
[   246.846] (**) Option "config_info" "udev:/sys/devices/platform/i8042/serio0/input/input4/event4"
[   246.846] (II) XINPUT: Adding extended input device "AT Translated Set 2 keyboard" (type: KEYBOARD, id 12)
[   246.846] (**) Option "xkb_model" "pc105"
[   246.846] (**) Option "xkb_layout" "us"
[   246.847] (II) event4  - AT Translated Set 2 keyboard: is tagged by udev as: Keyboard
[   246.847] (II) event4  - AT Translated Set 2 keyboard: device is a keyboard
[   246.848] (II) config/udev: Adding input device AlpsPS/2 ALPS GlidePoint (/dev/input/event5)
[   246.848] (**) AlpsPS/2 ALPS GlidePoint: Applying InputClass "libinput touchpad catchall"
[   246.848] (II) Using input driver 'libinput' for 'AlpsPS/2 ALPS GlidePoint'
[   246.849] (II) systemd-logind: got fd for /dev/input/event5 13:69 fd 31 paused 0
[   246.849] (**) AlpsPS/2 ALPS GlidePoint: always reports core events
[   246.849] (**) Option "Device" "/dev/input/event5"
[   246.849] (**) Option "_source" "server/udev"
[   246.850] (II) event5  - AlpsPS/2 ALPS GlidePoint: is tagged by udev as: Touchpad
[   246.852] (II) event5  - AlpsPS/2 ALPS GlidePoint: device is a touchpad
[   246.852] (II) event5  - AlpsPS/2 ALPS GlidePoint: device removed
[   246.852] (**) Option "config_info" "udev:/sys/devices/platform/i8042/serio1/input/input6/event5"
[   246.852] (II) XINPUT: Adding extended input device "AlpsPS/2 ALPS GlidePoint" (type: TOUCHPAD, id 13)
[   246.853] (**) Option "AccelerationScheme" "none"
[   246.853] (**) AlpsPS/2 ALPS GlidePoint: (accel) selected scheme none/0
[   246.853] (**) AlpsPS/2 ALPS GlidePoint: (accel) acceleration factor: 2.000
[   246.853] (**) AlpsPS/2 ALPS GlidePoint: (accel) acceleration threshold: 4
[   246.863] (II) event5  - AlpsPS/2 ALPS GlidePoint: is tagged by udev as: Touchpad
[   246.864] (II) event5  - AlpsPS/2 ALPS GlidePoint: device is a touchpad
[   246.866] (II) config/udev: Adding input device AlpsPS/2 ALPS GlidePoint (/dev/input/mouse0)
[   246.866] (II) No input driver specified, ignoring this device.
[   246.866] (II) This device may have been added with another device file.
[   247.527] (II) modeset(0): EDID vendor "BOE", prod id 1456
[   247.527] (II) modeset(0): Printing DDC gathered Modelines:
[   247.527] (II) modeset(0): Modeline "1366x768"x0.0   75.00  1366 1414 1446 1578  768 771 777 792 +hsync -vsync (47.5 kHz eP)
[   247.527] (II) modeset(0): Modeline "1366x768"x0.0   54.10  1366 1414 1446 1544  768 771 777 876 +hsync -vsync (35.0 kHz e)
